mode: set
pokedex/src/services/service.go:12.89,17.2 1 1
pokedex/src/services/user_service.go:20.63,24.2 1 1
pokedex/src/services/user_service.go:26.79,27.68 1 1
pokedex/src/services/user_service.go:31.2,31.12 1 1
pokedex/src/services/user_service.go:27.68,29.3 1 1
pokedex/src/services/user_service.go:34.86,43.16 5 1
pokedex/src/services/user_service.go:47.2,47.29 1 1
pokedex/src/services/user_service.go:53.2,53.19 1 1
pokedex/src/services/user_service.go:43.16,45.3 1 1
pokedex/src/services/user_service.go:47.29,49.3 1 1
pokedex/src/services/user_service.go:49.8,49.38 1 1
pokedex/src/services/user_service.go:49.38,51.3 1 1
pokedex/src/services/user_service.go:56.79,64.16 6 1
pokedex/src/services/user_service.go:68.2,70.26 2 1
pokedex/src/services/user_service.go:79.2,82.16 3 1
pokedex/src/services/user_service.go:86.2,86.12 1 1
pokedex/src/services/user_service.go:64.16,66.3 1 1
pokedex/src/services/user_service.go:70.26,71.35 1 1
pokedex/src/services/user_service.go:71.35,72.45 1 1
pokedex/src/services/user_service.go:72.45,75.5 2 1
pokedex/src/services/user_service.go:82.16,84.3 1 1
pokedex/src/services/init_service.go:12.42,20.2 3 1
pokedex/src/services/init_service.go:22.49,24.2 1 1
pokedex/src/services/pokedex_service.go:22.102,27.2 1 1
pokedex/src/services/pokedex_service.go:29.149,39.16 5 1
pokedex/src/services/pokedex_service.go:43.2,46.28 3 1
pokedex/src/services/pokedex_service.go:60.2,61.16 2 1
pokedex/src/services/pokedex_service.go:65.2,65.32 1 1
pokedex/src/services/pokedex_service.go:73.2,73.22 1 1
pokedex/src/services/pokedex_service.go:39.16,41.3 1 1
pokedex/src/services/pokedex_service.go:46.28,50.17 3 1
pokedex/src/services/pokedex_service.go:54.3,54.15 1 1
pokedex/src/services/pokedex_service.go:50.17,52.4 1 0
pokedex/src/services/pokedex_service.go:54.15,57.4 2 1
pokedex/src/services/pokedex_service.go:61.16,63.3 1 1
pokedex/src/services/pokedex_service.go:65.32,66.39 1 1
pokedex/src/services/pokedex_service.go:66.39,68.4 1 1
pokedex/src/services/pokedex_service.go:68.9,70.4 1 1
pokedex/src/services/pokedex_service.go:76.74,77.50 1 1
pokedex/src/services/pokedex_service.go:81.2,81.12 1 1
pokedex/src/services/pokedex_service.go:77.50,79.3 1 1
pokedex/src/services/pokedex_service.go:84.87,90.30 2 1
pokedex/src/services/pokedex_service.go:97.2,97.16 1 1
pokedex/src/services/pokedex_service.go:90.30,91.47 1 1
pokedex/src/services/pokedex_service.go:94.3,94.54 1 1
pokedex/src/services/pokedex_service.go:91.47,93.4 1 1
pokedex/src/services/pokedex_service.go:100.75,106.29 2 1
pokedex/src/services/pokedex_service.go:113.2,113.16 1 1
pokedex/src/services/pokedex_service.go:106.29,107.47 1 1
pokedex/src/services/pokedex_service.go:110.3,110.50 1 1
pokedex/src/services/pokedex_service.go:107.47,109.4 1 1
pokedex/src/repositories/user_repository.go:23.52,27.2 1 1
pokedex/src/repositories/user_repository.go:47.82,49.16 2 1
pokedex/src/repositories/user_repository.go:60.2,60.12 1 1
pokedex/src/repositories/user_repository.go:49.16,51.10 2 1
pokedex/src/repositories/user_repository.go:54.3,54.23 1 1
pokedex/src/repositories/user_repository.go:57.3,57.13 1 0
pokedex/src/repositories/user_repository.go:51.10,53.4 1 1
pokedex/src/repositories/user_repository.go:54.23,56.4 1 1
pokedex/src/repositories/user_repository.go:63.91,72.19 3 1
pokedex/src/repositories/user_repository.go:83.2,84.16 2 1
pokedex/src/repositories/user_repository.go:87.2,89.18 2 1
pokedex/src/repositories/user_repository.go:96.2,96.18 1 1
pokedex/src/repositories/user_repository.go:72.19,74.3 1 1
pokedex/src/repositories/user_repository.go:74.8,77.31 2 1
pokedex/src/repositories/user_repository.go:77.31,80.4 2 1
pokedex/src/repositories/user_repository.go:84.16,86.3 1 1
pokedex/src/repositories/user_repository.go:89.18,91.17 2 0
pokedex/src/repositories/user_repository.go:91.17,93.4 1 0
pokedex/src/repositories/user_repository.go:99.87,101.16 2 1
pokedex/src/repositories/user_repository.go:105.2,105.12 1 1
pokedex/src/repositories/user_repository.go:101.16,103.3 1 1
pokedex/src/repositories/init_repository.go:10.69,18.2 4 1
pokedex/src/repositories/pokedex_repository.go:25.63,29.2 1 1
pokedex/src/repositories/pokedex_repository.go:31.159,43.16 6 0
pokedex/src/repositories/pokedex_repository.go:47.2,47.23 1 0
pokedex/src/repositories/pokedex_repository.go:53.2,53.25 1 0
pokedex/src/repositories/pokedex_repository.go:63.2,63.16 1 0
pokedex/src/repositories/pokedex_repository.go:67.2,67.15 1 0
pokedex/src/repositories/pokedex_repository.go:72.2,73.33 2 0
pokedex/src/repositories/pokedex_repository.go:79.2,79.23 1 0
pokedex/src/repositories/pokedex_repository.go:88.2,88.17 1 0
pokedex/src/repositories/pokedex_repository.go:43.16,45.3 1 0
pokedex/src/repositories/pokedex_repository.go:47.23,51.3 1 0
pokedex/src/repositories/pokedex_repository.go:53.25,57.3 1 0
pokedex/src/repositories/pokedex_repository.go:57.8,57.34 1 0
pokedex/src/repositories/pokedex_repository.go:57.34,61.3 1 0
pokedex/src/repositories/pokedex_repository.go:63.16,65.3 1 0
pokedex/src/repositories/pokedex_repository.go:67.15,70.3 2 0
pokedex/src/repositories/pokedex_repository.go:73.33,75.3 1 0
pokedex/src/repositories/pokedex_repository.go:75.8,75.23 1 0
pokedex/src/repositories/pokedex_repository.go:75.23,77.3 1 0
pokedex/src/repositories/pokedex_repository.go:79.23,82.17 3 0
pokedex/src/repositories/pokedex_repository.go:85.3,85.25 1 0
pokedex/src/repositories/pokedex_repository.go:82.17,84.4 1 0
pokedex/src/repositories/pokedex_repository.go:91.77,98.32 3 0
pokedex/src/repositories/pokedex_repository.go:104.2,107.16 3 0
pokedex/src/repositories/pokedex_repository.go:111.2,111.12 1 0
pokedex/src/repositories/pokedex_repository.go:98.32,102.3 3 0
pokedex/src/repositories/pokedex_repository.go:107.16,109.3 1 0
pokedex/src/repositories/pokedex_repository.go:114.74,123.16 5 0
pokedex/src/repositories/pokedex_repository.go:127.2,128.16 2 0
pokedex/src/repositories/pokedex_repository.go:132.2,135.16 3 0
pokedex/src/repositories/pokedex_repository.go:139.2,139.12 1 0
pokedex/src/repositories/pokedex_repository.go:123.16,125.3 1 0
pokedex/src/repositories/pokedex_repository.go:128.16,130.3 1 0
pokedex/src/repositories/pokedex_repository.go:135.16,137.3 1 0
pokedex/src/repositories/pokedex_repository.go:142.62,150.16 5 0
pokedex/src/repositories/pokedex_repository.go:154.2,154.12 1 0
pokedex/src/repositories/pokedex_repository.go:150.16,152.3 1 0
pokedex/src/repositories/repository.go:13.69,18.2 1 1
pokedex/src/controllers/init_controller.go:14.36,24.2 4 1
pokedex/src/controllers/init_controller.go:26.52,28.2 1 1
pokedex/src/controllers/pokedex_controller.go:26.97,31.2 1 1
pokedex/src/controllers/pokedex_controller.go:33.66,42.21 3 1
pokedex/src/controllers/pokedex_controller.go:49.2,49.39 1 1
pokedex/src/controllers/pokedex_controller.go:56.2,56.44 1 1
pokedex/src/controllers/pokedex_controller.go:63.2,63.72 1 1
pokedex/src/controllers/pokedex_controller.go:70.2,70.75 1 1
pokedex/src/controllers/pokedex_controller.go:83.2,83.27 1 1
pokedex/src/controllers/pokedex_controller.go:88.2,89.16 2 1
pokedex/src/controllers/pokedex_controller.go:96.2,99.4 1 1
pokedex/src/controllers/pokedex_controller.go:42.21,47.3 1 1
pokedex/src/controllers/pokedex_controller.go:49.39,54.3 1 0
pokedex/src/controllers/pokedex_controller.go:56.44,61.3 1 1
pokedex/src/controllers/pokedex_controller.go:63.72,68.3 1 1
pokedex/src/controllers/pokedex_controller.go:70.75,75.3 1 1
pokedex/src/controllers/pokedex_controller.go:75.8,76.28 1 1
pokedex/src/controllers/pokedex_controller.go:76.28,78.4 1 1
pokedex/src/controllers/pokedex_controller.go:78.9,80.4 1 0
pokedex/src/controllers/pokedex_controller.go:83.27,86.3 2 1
pokedex/src/controllers/pokedex_controller.go:89.16,94.3 1 1
pokedex/src/controllers/pokedex_controller.go:102.66,110.21 3 1
pokedex/src/controllers/pokedex_controller.go:117.2,117.36 1 1
pokedex/src/controllers/pokedex_controller.go:124.2,125.16 2 1
pokedex/src/controllers/pokedex_controller.go:132.2,133.16 2 1
pokedex/src/controllers/pokedex_controller.go:140.2,141.16 2 1
pokedex/src/controllers/pokedex_controller.go:148.2,149.16 2 1
pokedex/src/controllers/pokedex_controller.go:156.2,159.4 1 1
pokedex/src/controllers/pokedex_controller.go:110.21,115.3 1 1
pokedex/src/controllers/pokedex_controller.go:117.36,122.3 1 0
pokedex/src/controllers/pokedex_controller.go:125.16,130.3 1 0
pokedex/src/controllers/pokedex_controller.go:133.16,138.3 1 0
pokedex/src/controllers/pokedex_controller.go:141.16,146.3 1 1
pokedex/src/controllers/pokedex_controller.go:149.16,154.3 1 1
pokedex/src/controllers/pokedex_controller.go:162.69,170.21 3 1
pokedex/src/controllers/pokedex_controller.go:177.2,177.36 1 1
pokedex/src/controllers/pokedex_controller.go:184.2,185.16 2 1
pokedex/src/controllers/pokedex_controller.go:192.2,193.16 2 1
pokedex/src/controllers/pokedex_controller.go:200.2,201.16 2 1
pokedex/src/controllers/pokedex_controller.go:208.2,209.16 2 1
pokedex/src/controllers/pokedex_controller.go:222.2,225.4 1 1
pokedex/src/controllers/pokedex_controller.go:170.21,175.3 1 1
pokedex/src/controllers/pokedex_controller.go:177.36,182.3 1 0
pokedex/src/controllers/pokedex_controller.go:185.16,190.3 1 0
pokedex/src/controllers/pokedex_controller.go:193.16,198.3 1 0
pokedex/src/controllers/pokedex_controller.go:201.16,206.3 1 1
pokedex/src/controllers/pokedex_controller.go:209.16,211.19 2 1
pokedex/src/controllers/pokedex_controller.go:216.3,219.5 1 1
pokedex/src/controllers/pokedex_controller.go:211.19,213.4 1 1
pokedex/src/controllers/pokedex_controller.go:213.9,215.4 1 0
pokedex/src/controllers/pokedex_controller.go:228.69,236.21 3 1
pokedex/src/controllers/pokedex_controller.go:243.2,243.36 1 1
pokedex/src/controllers/pokedex_controller.go:250.2,251.16 2 1
pokedex/src/controllers/pokedex_controller.go:258.2,259.16 2 1
pokedex/src/controllers/pokedex_controller.go:266.2,267.16 2 1
pokedex/src/controllers/pokedex_controller.go:274.2,275.16 2 1
pokedex/src/controllers/pokedex_controller.go:288.2,291.4 1 1
pokedex/src/controllers/pokedex_controller.go:236.21,241.3 1 1
pokedex/src/controllers/pokedex_controller.go:243.36,248.3 1 0
pokedex/src/controllers/pokedex_controller.go:251.16,256.3 1 0
pokedex/src/controllers/pokedex_controller.go:259.16,264.3 1 0
pokedex/src/controllers/pokedex_controller.go:267.16,272.3 1 1
pokedex/src/controllers/pokedex_controller.go:275.16,277.19 2 1
pokedex/src/controllers/pokedex_controller.go:282.3,285.5 1 1
pokedex/src/controllers/pokedex_controller.go:277.19,279.4 1 1
pokedex/src/controllers/pokedex_controller.go:279.9,281.4 1 0
pokedex/src/controllers/user_controller.go:26.88,31.2 1 1
pokedex/src/controllers/user_controller.go:33.65,42.38 5 1
pokedex/src/controllers/user_controller.go:54.2,54.39 1 1
pokedex/src/controllers/user_controller.go:61.2,61.67 1 1
pokedex/src/controllers/user_controller.go:68.2,71.4 1 1
pokedex/src/controllers/user_controller.go:42.38,47.3 1 1
pokedex/src/controllers/user_controller.go:47.8,47.53 1 1
pokedex/src/controllers/user_controller.go:47.53,52.3 1 1
pokedex/src/controllers/user_controller.go:54.39,59.3 1 1
pokedex/src/controllers/user_controller.go:61.67,66.3 1 1
pokedex/src/controllers/user_controller.go:74.62,82.38 4 1
pokedex/src/controllers/user_controller.go:94.2,95.16 2 1
pokedex/src/controllers/user_controller.go:102.2,103.16 2 1
pokedex/src/controllers/user_controller.go:110.2,113.4 1 1
pokedex/src/controllers/user_controller.go:82.38,87.3 1 1
pokedex/src/controllers/user_controller.go:87.8,87.53 1 1
pokedex/src/controllers/user_controller.go:87.53,92.3 1 1
pokedex/src/controllers/user_controller.go:95.16,100.3 1 1
pokedex/src/controllers/user_controller.go:103.16,108.3 1 1
pokedex/src/controllers/user_controller.go:116.78,127.36 3 1
pokedex/src/controllers/user_controller.go:134.2,135.16 2 1
pokedex/src/controllers/user_controller.go:142.2,143.16 2 1
pokedex/src/controllers/user_controller.go:150.2,151.16 2 1
pokedex/src/controllers/user_controller.go:158.2,158.30 1 1
pokedex/src/controllers/user_controller.go:165.2,168.19 3 1
pokedex/src/controllers/user_controller.go:175.2,175.67 1 1
pokedex/src/controllers/user_controller.go:182.2,185.4 1 1
pokedex/src/controllers/user_controller.go:127.36,132.3 1 0
pokedex/src/controllers/user_controller.go:135.16,140.3 1 0
pokedex/src/controllers/user_controller.go:143.16,148.3 1 0
pokedex/src/controllers/user_controller.go:151.16,156.3 1 1
pokedex/src/controllers/user_controller.go:158.30,163.3 3 1
pokedex/src/controllers/user_controller.go:168.19,173.3 1 0
pokedex/src/controllers/user_controller.go:175.67,180.3 1 1
pokedex/src/controllers/controller.go:13.108,18.2 1 1
