mode: set
pokedex/src/services/user_service.go:20.63,24.2 1 1
pokedex/src/services/user_service.go:26.79,27.68 1 1
pokedex/src/services/user_service.go:31.2,31.12 1 1
pokedex/src/services/user_service.go:27.68,29.3 1 1
pokedex/src/services/user_service.go:34.86,43.16 5 1
pokedex/src/services/user_service.go:47.2,47.29 1 1
pokedex/src/services/user_service.go:53.2,53.19 1 1
pokedex/src/services/user_service.go:43.16,45.3 1 1
pokedex/src/services/user_service.go:47.29,49.3 1 1
pokedex/src/services/user_service.go:49.8,49.38 1 1
pokedex/src/services/user_service.go:49.38,51.3 1 1
pokedex/src/services/user_service.go:56.79,64.16 6 1
pokedex/src/services/user_service.go:68.2,70.26 2 1
pokedex/src/services/user_service.go:79.2,82.16 3 1
pokedex/src/services/user_service.go:86.2,86.12 1 1
pokedex/src/services/user_service.go:64.16,66.3 1 1
pokedex/src/services/user_service.go:70.26,71.35 1 1
pokedex/src/services/user_service.go:71.35,72.45 1 1
pokedex/src/services/user_service.go:72.45,75.5 2 1
pokedex/src/services/user_service.go:82.16,84.3 1 1
pokedex/src/services/init_service.go:12.42,20.2 3 1
pokedex/src/services/init_service.go:22.49,24.2 1 1
pokedex/src/services/pokedex_service.go:22.102,27.2 1 1
pokedex/src/services/pokedex_service.go:29.149,39.16 5 1
pokedex/src/services/pokedex_service.go:43.2,46.28 3 1
pokedex/src/services/pokedex_service.go:60.2,61.16 2 1
pokedex/src/services/pokedex_service.go:65.2,65.32 1 1
pokedex/src/services/pokedex_service.go:73.2,73.22 1 1
pokedex/src/services/pokedex_service.go:39.16,41.3 1 1
pokedex/src/services/pokedex_service.go:46.28,50.17 3 1
pokedex/src/services/pokedex_service.go:54.3,54.15 1 1
pokedex/src/services/pokedex_service.go:50.17,52.4 1 0
pokedex/src/services/pokedex_service.go:54.15,57.4 2 1
pokedex/src/services/pokedex_service.go:61.16,63.3 1 1
pokedex/src/services/pokedex_service.go:65.32,66.39 1 1
pokedex/src/services/pokedex_service.go:66.39,68.4 1 1
pokedex/src/services/pokedex_service.go:68.9,70.4 1 1
pokedex/src/services/pokedex_service.go:76.74,77.50 1 1
pokedex/src/services/pokedex_service.go:81.2,81.12 1 1
pokedex/src/services/pokedex_service.go:77.50,79.3 1 1
pokedex/src/services/pokedex_service.go:84.87,90.30 2 1
pokedex/src/services/pokedex_service.go:97.2,97.16 1 1
pokedex/src/services/pokedex_service.go:90.30,91.47 1 1
pokedex/src/services/pokedex_service.go:94.3,94.54 1 1
pokedex/src/services/pokedex_service.go:91.47,93.4 1 1
pokedex/src/services/pokedex_service.go:100.75,106.29 2 1
pokedex/src/services/pokedex_service.go:113.2,113.16 1 1
pokedex/src/services/pokedex_service.go:106.29,107.47 1 1
pokedex/src/services/pokedex_service.go:110.3,110.50 1 1
pokedex/src/services/pokedex_service.go:107.47,109.4 1 1
pokedex/src/services/service.go:12.89,17.2 1 1
pokedex/src/controllers/controller.go:13.108,18.2 1 1
pokedex/src/controllers/init_controller.go:14.36,24.2 4 1
pokedex/src/controllers/init_controller.go:26.52,28.2 1 1
pokedex/src/controllers/pokedex_controller.go:26.97,31.2 1 1
pokedex/src/controllers/pokedex_controller.go:33.66,42.21 3 0
pokedex/src/controllers/pokedex_controller.go:49.2,49.39 1 0
pokedex/src/controllers/pokedex_controller.go:56.2,56.44 1 0
pokedex/src/controllers/pokedex_controller.go:63.2,63.72 1 0
pokedex/src/controllers/pokedex_controller.go:70.2,70.75 1 0
pokedex/src/controllers/pokedex_controller.go:83.2,83.27 1 0
pokedex/src/controllers/pokedex_controller.go:88.2,89.16 2 0
pokedex/src/controllers/pokedex_controller.go:96.2,99.4 1 0
pokedex/src/controllers/pokedex_controller.go:42.21,47.3 1 0
pokedex/src/controllers/pokedex_controller.go:49.39,54.3 1 0
pokedex/src/controllers/pokedex_controller.go:56.44,61.3 1 0
pokedex/src/controllers/pokedex_controller.go:63.72,68.3 1 0
pokedex/src/controllers/pokedex_controller.go:70.75,75.3 1 0
pokedex/src/controllers/pokedex_controller.go:75.8,76.28 1 0
pokedex/src/controllers/pokedex_controller.go:76.28,78.4 1 0
pokedex/src/controllers/pokedex_controller.go:78.9,80.4 1 0
pokedex/src/controllers/pokedex_controller.go:83.27,86.3 2 0
pokedex/src/controllers/pokedex_controller.go:89.16,94.3 1 0
pokedex/src/controllers/pokedex_controller.go:102.66,110.21 3 0
pokedex/src/controllers/pokedex_controller.go:117.2,117.36 1 0
pokedex/src/controllers/pokedex_controller.go:124.2,125.16 2 0
pokedex/src/controllers/pokedex_controller.go:132.2,133.16 2 0
pokedex/src/controllers/pokedex_controller.go:140.2,141.16 2 0
pokedex/src/controllers/pokedex_controller.go:148.2,149.16 2 0
pokedex/src/controllers/pokedex_controller.go:156.2,159.4 1 0
pokedex/src/controllers/pokedex_controller.go:110.21,115.3 1 0
pokedex/src/controllers/pokedex_controller.go:117.36,122.3 1 0
pokedex/src/controllers/pokedex_controller.go:125.16,130.3 1 0
pokedex/src/controllers/pokedex_controller.go:133.16,138.3 1 0
pokedex/src/controllers/pokedex_controller.go:141.16,146.3 1 0
pokedex/src/controllers/pokedex_controller.go:149.16,154.3 1 0
pokedex/src/controllers/pokedex_controller.go:162.69,170.21 3 0
pokedex/src/controllers/pokedex_controller.go:177.2,177.36 1 0
pokedex/src/controllers/pokedex_controller.go:184.2,185.16 2 0
pokedex/src/controllers/pokedex_controller.go:192.2,193.16 2 0
pokedex/src/controllers/pokedex_controller.go:200.2,201.16 2 0
pokedex/src/controllers/pokedex_controller.go:208.2,209.16 2 0
pokedex/src/controllers/pokedex_controller.go:222.2,225.4 1 0
pokedex/src/controllers/pokedex_controller.go:170.21,175.3 1 0
pokedex/src/controllers/pokedex_controller.go:177.36,182.3 1 0
pokedex/src/controllers/pokedex_controller.go:185.16,190.3 1 0
pokedex/src/controllers/pokedex_controller.go:193.16,198.3 1 0
pokedex/src/controllers/pokedex_controller.go:201.16,206.3 1 0
pokedex/src/controllers/pokedex_controller.go:209.16,211.19 2 0
pokedex/src/controllers/pokedex_controller.go:216.3,219.5 1 0
pokedex/src/controllers/pokedex_controller.go:211.19,213.4 1 0
pokedex/src/controllers/pokedex_controller.go:213.9,215.4 1 0
pokedex/src/controllers/pokedex_controller.go:228.69,236.21 3 0
pokedex/src/controllers/pokedex_controller.go:243.2,243.36 1 0
pokedex/src/controllers/pokedex_controller.go:250.2,251.16 2 0
pokedex/src/controllers/pokedex_controller.go:258.2,259.16 2 0
pokedex/src/controllers/pokedex_controller.go:266.2,267.16 2 0
pokedex/src/controllers/pokedex_controller.go:274.2,275.16 2 0
pokedex/src/controllers/pokedex_controller.go:288.2,291.4 1 0
pokedex/src/controllers/pokedex_controller.go:236.21,241.3 1 0
pokedex/src/controllers/pokedex_controller.go:243.36,248.3 1 0
pokedex/src/controllers/pokedex_controller.go:251.16,256.3 1 0
pokedex/src/controllers/pokedex_controller.go:259.16,264.3 1 0
pokedex/src/controllers/pokedex_controller.go:267.16,272.3 1 0
pokedex/src/controllers/pokedex_controller.go:275.16,277.19 2 0
pokedex/src/controllers/pokedex_controller.go:282.3,285.5 1 0
pokedex/src/controllers/pokedex_controller.go:277.19,279.4 1 0
pokedex/src/controllers/pokedex_controller.go:279.9,281.4 1 0
pokedex/src/controllers/user_controller.go:27.88,32.2 1 1
pokedex/src/controllers/user_controller.go:34.65,43.38 5 1
pokedex/src/controllers/user_controller.go:55.2,55.39 1 1
pokedex/src/controllers/user_controller.go:62.2,62.67 1 1
pokedex/src/controllers/user_controller.go:69.2,72.4 1 1
pokedex/src/controllers/user_controller.go:43.38,48.3 1 1
pokedex/src/controllers/user_controller.go:48.8,48.53 1 1
pokedex/src/controllers/user_controller.go:48.53,53.3 1 1
pokedex/src/controllers/user_controller.go:55.39,60.3 1 1
pokedex/src/controllers/user_controller.go:62.67,67.3 1 1
pokedex/src/controllers/user_controller.go:75.62,83.38 4 1
pokedex/src/controllers/user_controller.go:95.2,96.16 2 1
pokedex/src/controllers/user_controller.go:103.2,104.16 2 1
pokedex/src/controllers/user_controller.go:111.2,114.4 1 1
pokedex/src/controllers/user_controller.go:83.38,88.3 1 1
pokedex/src/controllers/user_controller.go:88.8,88.53 1 1
pokedex/src/controllers/user_controller.go:88.53,93.3 1 1
pokedex/src/controllers/user_controller.go:96.16,101.3 1 1
pokedex/src/controllers/user_controller.go:104.16,109.3 1 1
pokedex/src/controllers/user_controller.go:117.78,128.36 4 0
pokedex/src/controllers/user_controller.go:135.2,136.16 2 0
pokedex/src/controllers/user_controller.go:143.2,144.16 2 0
pokedex/src/controllers/user_controller.go:151.2,152.16 2 0
pokedex/src/controllers/user_controller.go:159.2,159.30 1 0
pokedex/src/controllers/user_controller.go:166.2,169.19 3 0
pokedex/src/controllers/user_controller.go:176.2,176.67 1 0
pokedex/src/controllers/user_controller.go:183.2,186.4 1 0
pokedex/src/controllers/user_controller.go:128.36,133.3 1 0
pokedex/src/controllers/user_controller.go:136.16,141.3 1 0
pokedex/src/controllers/user_controller.go:144.16,149.3 1 0
pokedex/src/controllers/user_controller.go:152.16,157.3 1 0
pokedex/src/controllers/user_controller.go:159.30,164.3 3 0
pokedex/src/controllers/user_controller.go:169.19,174.3 1 0
pokedex/src/controllers/user_controller.go:176.67,181.3 1 0
